Mplus VERSION 8.11 DEMO (Mac)
MUTHEN & MUTHEN
07/08/2025  12:31 PM

INPUT INSTRUCTIONS

  TITLE:
        LPA for Class 2;

      DATA:
        ! Mplus„Å®Âêå„Åò„Éï„Ç©„É´„ÉÄ„Å´„Éá„Éº„Çø„Åå„ÅÇ„Çã„ÅÆ„Åß„ÄÅ„Éï„Ç°„Ç§„É´Âêç„Å†„Åë„ÅßÊå
        FILE IS "physiological_test_1st_n12151.csv";

      VARIABLE:
        NAMES ARE
          ID gender birthdate age_entry age_scan scan_date course_code
          tipi_n tipi_e tipi_o tipi_a tipi_c;
        USEVARIABLES ARE
          tipi_n tipi_e tipi_o tipi_a tipi_c;

        ! „Åì„Åì„Åß„ÇØ„É©„ÇπÊï∞„ÇíÂãïÁöÑ„Å´ÊåáÂÆö„Åó„Åæ„Åô
        CLASSES = c(2);

        ! Ê¨†ÊêçÂÄ§„Åå„ÅÇ„ÇãÂ†¥Âêà„ÅØ„ÄÅ„Åì„ÅÆ‰∏ã„ÅÆË°å„ÅÆ„Ç≥„É°„É≥„Éà„Äå!„Äç„ÇíËß£Èô§„Åó„ÄÅ
        ! ÂÆüÈöõ„ÅÆÊ¨†ÊêçÂÄ§„ÅÆË®òÂè∑„Å´Âêà„Çè„Åõ„Å¶„Åè„Å†„Åï„ÅÑ (‰æã: -999)
        ! MISSING ARE ALL (-999);

      ANALYSIS:
        TYPE = MIXTURE;
        ESTIMATOR = MLR;
        STARTS = 200 50; ! Ë®àÁÆó„ÅÆÂÆâÂÆöÊÄß„ÇíÈ´ò„ÇÅ„Çã„Åü„ÇÅ„ÅÆ„Åä„Åæ„Åò„Å™„ÅÑ

      OUTPUT:
        TECH11 TECH14;

      SAVEDATA:
        SAVE = CPROBABILITIES;
        FILE IS tipi_profiles_c2.dat;

      PLOT:
        TYPE = PLOT3;




*** WARNING
  Input line exceeded 90 characters. Some input may be truncated.
        ! Mplus„Å®Âêå„Åò„Éï„Ç©„É´„ÉÄ„Å´„Éá„Éº„Çø„Åå„ÅÇ„Çã„ÅÆ„Åß„ÄÅ„Éï„Ç°„Ç§„É´Âêç„Å†„Åë„ÅßÊåá
*** WARNING in MODEL command
  All variables are uncorrelated with all other variables within class.
  Check that this is what is intended.
   2 WARNING(S) FOUND IN THE INPUT INSTRUCTIONS




LPA for Class 2;

SUMMARY OF ANALYSIS

Number of groups                                                 1
Number of observations                                         200

Number of dependent variables                                    5
Number of independent variables                                  0
Number of continuous latent variables                            0
Number of categorical latent variables                           1

Observed dependent variables

  Continuous
   TIPI_N      TIPI_E      TIPI_O      TIPI_A      TIPI_C

Categorical latent variables
   C


Estimator                                                      MLR
Information matrix                                        OBSERVED
Optimization Specifications for the Quasi-Newton Algorithm for
Continuous Outcomes
  Maximum number of iterations                                 100
  Convergence criterion                                  0.100D-05
Optimization Specifications for the EM Algorithm
  Maximum number of iterations                                 500
  Convergence criteria
    Loglikelihood change                                 0.100D-06
    Relative loglikelihood change                        0.100D-06
    Derivative                                           0.100D-05
Optimization Specifications for the M step of the EM Algorithm for
Categorical Latent variables
  Number of M step iterations                                    1
  M step convergence criterion                           0.100D-05
  Basis for M step termination                           ITERATION
Optimization Specifications for the M step of the EM Algorithm for
Censored, Binary or Ordered Categorical (Ordinal), Unordered
Categorical (Nominal) and Count Outcomes
  Number of M step iterations                                    1
  M step convergence criterion                           0.100D-05
  Basis for M step termination                           ITERATION
  Maximum value for logit thresholds                            15
  Minimum value for logit thresholds                           -15
  Minimum expected cell size for chi-square              0.100D-01
Optimization algorithm                                         EMA
Random Starts Specifications
  Number of initial stage random starts                        200
  Number of final stage optimizations                           50
  Number of initial stage iterations                            10
  Initial stage convergence criterion                    0.100D+01
  Random starts scale                                    0.500D+01
  Random seed for generating random starts                       0

Input data file(s)
  physiological_test_1st_n12151.csv
Input data format  FREE



UNIVARIATE SAMPLE STATISTICS


     UNIVARIATE HIGHER-ORDER MOMENT DESCRIPTIVE STATISTICS

         Variable/         Mean/     Skewness/   Minimum/ % with                Percentiles
        Sample Size      Variance    Kurtosis    Maximum  Min/Max      20%/60%    40%/80%    Median

     TIPI_N               48.835      -0.050      25.000    0.50%      40.000     47.000     49.000
             200.000      85.998      -0.123      74.000    1.00%      51.000     56.000
     TIPI_E               49.795       0.241      20.000    0.50%      42.000     47.000     49.000
             200.000     102.813       0.614      83.000    0.50%      51.000     58.000
     TIPI_O               50.380      -0.264      24.000    1.00%      43.000     48.000     51.000
             200.000      99.446      -0.180      74.000    1.00%      53.000     59.000
     TIPI_A               49.245       0.038      23.000    0.50%      40.000     45.000     49.000
             200.000     112.965      -0.445      77.000    0.50%      52.000     58.000
     TIPI_C               49.910       0.065      26.000    0.50%      41.000     48.000     49.500
             200.000      98.592      -0.158      77.000    0.50%      52.000     58.000

RANDOM STARTS RESULTS RANKED FROM THE BEST TO THE WORST LOGLIKELIHOOD VALUES

Final stage loglikelihood values at local maxima, seeds, and initial stage start numbers:

           -3713.789  963053           43
           -3713.789  860772           174
           -3713.789  751153           110
           -3713.789  268217           83
           -3713.789  960438           116
           -3713.789  950604           172
           -3713.789  751054           117
           -3713.789  972873           157
           -3713.789  405079           68
           -3713.789  259507           53
           -3713.789  440841           118
           -3713.789  76974            16
           -3713.789  68985            17
           -3713.789  292884           103
           -3713.789  370466           41
           -3713.789  373505           88
           -3713.789  27071            15
           -3713.789  723775           97
           -3713.789  443917           60
           -3713.789  303634           169
           -3713.789  46437            153
           -3713.789  352277           42
           -3713.789  345070           114
           -3713.789  618000           190
           -3713.789  12477            155
           -3713.789  354559           73

24 perturbed starting value run(s) did not converge or were rejected in the third stage.



THE BEST LOGLIKELIHOOD VALUE HAS BEEN REPLICATED.  RERUN WITH AT LEAST TWICE THE
RANDOM STARTS TO CHECK THAT THE BEST LOGLIKELIHOOD IS STILL OBTAINED AND REPLICATED.


THE MODEL ESTIMATION TERMINATED NORMALLY



MODEL FIT INFORMATION

Number of Free Parameters                       16

Loglikelihood

          H0 Value                       -3713.789
          H0 Scaling Correction Factor      1.0806
            for MLR

Information Criteria

          Akaike (AIC)                    7459.578
          Bayesian (BIC)                  7512.351
          Sample-Size Adjusted BIC        7461.661
            (n* = (n + 2) / 24)



FINAL CLASS COUNTS AND PROPORTIONS FOR THE LATENT CLASSES
BASED ON THE ESTIMATED MODEL

    Latent
   Classes

       1         90.53027          0.45265
       2        109.46973          0.54735


FINAL CLASS COUNTS AND PROPORTIONS FOR THE LATENT CLASSES
BASED ON ESTIMATED POSTERIOR PROBABILITIES

    Latent
   Classes

       1         90.53027          0.45265
       2        109.46973          0.54735


FINAL CLASS COUNTS AND PROPORTIONS FOR THE LATENT CLASSES
BASED ON THEIR MOST LIKELY LATENT CLASS MEMBERSHIP

Class Counts and Proportions

    Latent
   Classes

       1               86          0.43000
       2              114          0.57000


CLASSIFICATION QUALITY

     Entropy                         0.288


Average Latent Class Probabilities for Most Likely Latent Class Membership (Row)
by Latent Class (Column)

           1        2

    1   0.746    0.254
    2   0.231    0.769


Classification Probabilities for the Most Likely Latent Class Membership (Column)
by Latent Class (Row)

           1        2

    1   0.709    0.291
    2   0.200    0.800


Logits for the Classification Probabilities for the Most Likely Latent Class Membership (Column)
by Latent Class (Row)

              1        2

    1      0.889    0.000
    2     -1.389    0.000


MODEL RESULTS

                                                    Two-Tailed
                    Estimate       S.E.  Est./S.E.    P-Value

Latent Class 1

 Means
    TIPI_N            48.527      2.386     20.334      0.000
    TIPI_E            45.936      2.374     19.347      0.000
    TIPI_O            55.251      3.343     16.530      0.000
    TIPI_A            52.101      4.122     12.640      0.000
    TIPI_C            47.843      2.002     23.898      0.000

 Variances
    TIPI_N            85.919      8.432     10.189      0.000
    TIPI_E            90.497     12.632      7.164      0.000
    TIPI_O            79.822     15.764      5.064      0.000
    TIPI_A           106.218     12.731      8.343      0.000
    TIPI_C            95.060      9.644      9.857      0.000

Latent Class 2

 Means
    TIPI_N            49.090      1.865     26.316      0.000
    TIPI_E            52.986      3.048     17.386      0.000
    TIPI_O            46.352      3.648     12.707      0.000
    TIPI_A            46.883      1.523     30.782      0.000
    TIPI_C            51.619      2.104     24.531      0.000

 Variances
    TIPI_N            85.919      8.432     10.189      0.000
    TIPI_E            90.497     12.632      7.164      0.000
    TIPI_O            79.822     15.764      5.064      0.000
    TIPI_A           106.218     12.731      8.343      0.000
    TIPI_C            95.060      9.644      9.857      0.000

Categorical Latent Variables

 Means
    C#1               -0.190      1.380     -0.138      0.890


QUALITY OF NUMERICAL RESULTS

     Condition Number for the Information Matrix              0.155E-02
       (ratio of smallest to largest eigenvalue)


TECHNICAL 11 OUTPUT

     Random Starts Specifications for the k-1 Class Analysis Model
        Number of initial stage random starts                 200
        Number of final stage optimizations                    50



     VUONG-LO-MENDELL-RUBIN LIKELIHOOD RATIO TEST FOR 1 (H0) VERSUS 2 CLASSES

          H0 Loglikelihood Value                        -3719.430
          2 Times the Loglikelihood Difference             11.281
          Difference in the Number of Parameters                6
          Mean                                             14.688
          Standard Deviation                               14.881
          P-Value                                          0.4446

     LO-MENDELL-RUBIN ADJUSTED LRT TEST

          Value                                            10.937
          P-Value                                          0.4576


TECHNICAL 14 OUTPUT

     Random Starts Specifications for the k-1 Class Analysis Model
        Number of initial stage random starts                 200
        Number of final stage optimizations                    50

     Random Starts Specification for the k-1 Class Model for Generated Data
        Number of initial stage random starts                   0
        Number of final stage optimizations for the
           initial stage random starts                          0
     Random Starts Specification for the k Class Model for Generated Data
        Number of initial stage random starts                  40
        Number of final stage optimizations                     8
     Number of bootstrap draws requested                   Varies


     PARAMETRIC BOOTSTRAPPED LIKELIHOOD RATIO TEST FOR 1 (H0) VERSUS 2 CLASSES

          H0 Loglikelihood Value                        -3719.430
          2 Times the Loglikelihood Difference             11.281
          Difference in the Number of Parameters                6
          Approximate P-Value                              0.4286
          Successful Bootstrap Draws                            7


PLOT INFORMATION

The following plots are available:

  Histograms (sample values)
  Scatterplots (sample values)
  Estimated overall and class-specific distributions

SAVEDATA INFORMATION


  Save file
    tipi_profiles_c2.dat

  Order and format of variables

    TIPI_N         F10.3
    TIPI_E         F10.3
    TIPI_O         F10.3
    TIPI_A         F10.3
    TIPI_C         F10.3
    CPROB1         F10.3
    CPROB2         F10.3
    C              F10.3

  Save file format
    8F10.3

  Save file record length    10000

  Save missing symbol        *


     Beginning Time:  12:31:02
        Ending Time:  12:31:03
       Elapsed Time:  00:00:01


Mplus VERSION 8.11 DEMO (Mac) has the following limitations:
  Maximum number of dependent variables: 6
  Maximum number of independent variables: 2
  Maximum number of between variables: 2
  Maximum number of continuous latent variables in time series analysis: 2


MUTHEN & MUTHEN
3463 Stoner Ave.
Los Angeles, CA  90066

Tel: (310) 391-9971
Fax: (310) 391-8971
Web: www.StatModel.com
Support: Support@StatModel.com

Copyright (c) 1998-2024 Muthen & Muthen
