Mplus VERSION 8.11 DEMO (Mac)
MUTHEN & MUTHEN
07/09/2025  12:08 AM

INPUT INSTRUCTIONS

  TITLE:
        LPA for Class 3;

      DATA:
        ! Mplus„Å®Âêå„Åò„Éï„Ç©„É´„ÉÄ„Å´„Éá„Éº„Çø„Åå„ÅÇ„Çã„ÅÆ„Åß„ÄÅ„Éï„Ç°„Ç§„É´Âêç„Å†„Åë„ÅßÊå
        FILE IS "standardized_data_for_mplus.csv";

      VARIABLE:
        NAMES ARE
          ! ID gender birthdate age_entry age_scan scan_date course_code
          z_tipi_n z_tipi_e z_tipi_o z_tipi_a z_tipi_c;
        USEVARIABLES ARE
          z_tipi_n z_tipi_e z_tipi_o z_tipi_a z_tipi_c;

        ! „Åì„Åì„Åß„ÇØ„É©„ÇπÊï∞„ÇíÂãïÁöÑ„Å´ÊåáÂÆö„Åó„Åæ„Åô
        CLASSES = c(3);

        ! Ê¨†ÊêçÂÄ§„Åå„ÅÇ„ÇãÂ†¥Âêà„ÅØ„ÄÅ„Åì„ÅÆ‰∏ã„ÅÆË°å„ÅÆ„Ç≥„É°„É≥„Éà„Äå!„Äç„ÇíËß£Èô§„Åó„ÄÅ
        ! ÂÆüÈöõ„ÅÆÊ¨†ÊêçÂÄ§„ÅÆË®òÂè∑„Å´Âêà„Çè„Åõ„Å¶„Åè„Å†„Åï„ÅÑ (‰æã: -999)
        ! MISSING ARE ALL (-999);

      ANALYSIS:
        TYPE = MIXTURE;
        ESTIMATOR = MLR;
        STARTS = 200 50;
        LRTSTARTS = 200 50 200 50; ! BLRT„ÅÆË®àÁÆó„ÇíÂÆâÂÆö„Åï„Åõ„Çã„Åü„ÇÅ„ÅÆ„Åä„Åæ„Åò„Å™„ÅÑ

      OUTPUT:
        TECH11 TECH14;

      SAVEDATA:
        SAVE = CPROBABILITIES;
        FILE IS tipi_profiles_c3.dat;

      PLOT:
        TYPE = PLOT3;




*** WARNING
  Input line exceeded 90 characters. Some input may be truncated.
        ! Mplus„Å®Âêå„Åò„Éï„Ç©„É´„ÉÄ„Å´„Éá„Éº„Çø„Åå„ÅÇ„Çã„ÅÆ„Åß„ÄÅ„Éï„Ç°„Ç§„É´Âêç„Å†„Åë„ÅßÊåá
*** WARNING in MODEL command
  All variables are uncorrelated with all other variables within class.
  Check that this is what is intended.
   2 WARNING(S) FOUND IN THE INPUT INSTRUCTIONS




LPA for Class 3;

SUMMARY OF ANALYSIS

Number of groups                                                 1
Number of observations                                         200

Number of dependent variables                                    5
Number of independent variables                                  0
Number of continuous latent variables                            0
Number of categorical latent variables                           1

Observed dependent variables

  Continuous
   Z_TIPI_N    Z_TIPI_E    Z_TIPI_O    Z_TIPI_A    Z_TIPI_C

Categorical latent variables
   C


Estimator                                                      MLR
Information matrix                                        OBSERVED
Optimization Specifications for the Quasi-Newton Algorithm for
Continuous Outcomes
  Maximum number of iterations                                 100
  Convergence criterion                                  0.100D-05
Optimization Specifications for the EM Algorithm
  Maximum number of iterations                                 500
  Convergence criteria
    Loglikelihood change                                 0.100D-06
    Relative loglikelihood change                        0.100D-06
    Derivative                                           0.100D-05
Optimization Specifications for the M step of the EM Algorithm for
Categorical Latent variables
  Number of M step iterations                                    1
  M step convergence criterion                           0.100D-05
  Basis for M step termination                           ITERATION
Optimization Specifications for the M step of the EM Algorithm for
Censored, Binary or Ordered Categorical (Ordinal), Unordered
Categorical (Nominal) and Count Outcomes
  Number of M step iterations                                    1
  M step convergence criterion                           0.100D-05
  Basis for M step termination                           ITERATION
  Maximum value for logit thresholds                            15
  Minimum value for logit thresholds                           -15
  Minimum expected cell size for chi-square              0.100D-01
Optimization algorithm                                         EMA
Random Starts Specifications
  Number of initial stage random starts                        200
  Number of final stage optimizations                           50
  Number of initial stage iterations                            10
  Initial stage convergence criterion                    0.100D+01
  Random starts scale                                    0.500D+01
  Random seed for generating random starts                       0

Input data file(s)
  standardized_data_for_mplus.csv
Input data format  FREE



UNIVARIATE SAMPLE STATISTICS


     UNIVARIATE HIGHER-ORDER MOMENT DESCRIPTIVE STATISTICS

         Variable/         Mean/     Skewness/   Minimum/ % with                Percentiles
        Sample Size      Variance    Kurtosis    Maximum  Min/Max      20%/60%    40%/80%    Median

     Z_TIPI_N              0.000      -0.050      -2.564    0.50%      -0.950     -0.197      0.018
             200.000       0.995      -0.123       2.707    1.00%       0.233      0.771
     Z_TIPI_E              0.000       0.241      -2.931    0.50%      -0.767     -0.275     -0.078
             200.000       0.995       0.614       3.267    0.50%       0.119      0.807
     Z_TIPI_O              0.000      -0.264      -2.639    1.00%      -0.738     -0.238      0.062
             200.000       0.995      -0.180       2.363    1.00%       0.262      0.862
     Z_TIPI_A              0.000       0.038      -2.463    0.50%      -0.868     -0.398     -0.023
             200.000       0.995      -0.445       2.605    0.50%       0.259      0.822
     Z_TIPI_C              0.000       0.065      -2.402    0.50%      -0.895     -0.192     -0.041
             200.000       0.995      -0.158       2.721    0.50%       0.210      0.813

RANDOM STARTS RESULTS RANKED FROM THE BEST TO THE WORST LOGLIKELIHOOD VALUES

Final stage loglikelihood values at local maxima, seeds, and initial stage start numbers:

           -1405.222  587946           120
           -1405.222  761633           50
           -1405.222  475420           71
           -1405.222  417035           149
           -1405.222  286735           175
           -1405.222  533738           11
           -1405.222  637345           19
           -1405.222  21345            199
           -1405.222  263268           165
           -1405.222  903369           134
           -1405.222  618000           190
           -1405.222  568859           49
           -1405.222  551639           55
           -1405.222  318230           46
           -1405.222  354208           196
           -1405.222  284109           82
           -1405.222  860772           174
           -1405.222  972873           157
           -1405.222  848331           137
           -1405.222  783165           170
           -1405.222  292884           103
           -1405.222  407168           44
           -1405.222  314084           81
           -1405.222  392418           28
           -1405.222  373505           88
           -1405.222  526324           178
           -1405.222  443917           60
           -1405.222  576220           115
           -1405.222  939021           8
           -1405.222  726035           191
           -1405.222  136842           58
           -1405.222  887676           22
           -1405.222  715561           125
           -1405.222  22089            143
           -1405.222  85462            51
           -1405.222  609185           181
           -1405.222  319144           176
           -1405.222  650371           14
           -1405.222  153942           31
           -1405.222  931874           141
           -1405.222  227563           63
           -1405.222  303634           169
           -1406.142  848969           173
           -1406.142  915107           54
           -1408.350  124999           96
           -1409.546  268217           83

4 perturbed starting value run(s) did not converge or were rejected in the third stage.



THE BEST LOGLIKELIHOOD VALUE HAS BEEN REPLICATED.  RERUN WITH AT LEAST TWICE THE
RANDOM STARTS TO CHECK THAT THE BEST LOGLIKELIHOOD IS STILL OBTAINED AND REPLICATED.


THE MODEL ESTIMATION TERMINATED NORMALLY



MODEL FIT INFORMATION

Number of Free Parameters                       22

Loglikelihood

          H0 Value                       -1405.222
          H0 Scaling Correction Factor      1.1229
            for MLR

Information Criteria

          Akaike (AIC)                    2854.444
          Bayesian (BIC)                  2927.007
          Sample-Size Adjusted BIC        2857.309
            (n* = (n + 2) / 24)



FINAL CLASS COUNTS AND PROPORTIONS FOR THE LATENT CLASSES
BASED ON THE ESTIMATED MODEL

    Latent
   Classes

       1         35.95928          0.17980
       2        103.23092          0.51615
       3         60.80980          0.30405


FINAL CLASS COUNTS AND PROPORTIONS FOR THE LATENT CLASSES
BASED ON ESTIMATED POSTERIOR PROBABILITIES

    Latent
   Classes

       1         35.95928          0.17980
       2        103.23092          0.51615
       3         60.80980          0.30405


FINAL CLASS COUNTS AND PROPORTIONS FOR THE LATENT CLASSES
BASED ON THEIR MOST LIKELY LATENT CLASS MEMBERSHIP

Class Counts and Proportions

    Latent
   Classes

       1               28          0.14000
       2              113          0.56500
       3               59          0.29500


CLASSIFICATION QUALITY

     Entropy                         0.446


Average Latent Class Probabilities for Most Likely Latent Class Membership (Row)
by Latent Class (Column)

           1        2        3

    1   0.737    0.158    0.105
    2   0.081    0.767    0.152
    3   0.105    0.205    0.690


Classification Probabilities for the Most Likely Latent Class Membership (Column)
by Latent Class (Row)

           1        2        3

    1   0.574    0.254    0.172
    2   0.043    0.840    0.117
    3   0.048    0.282    0.670


Logits for the Classification Probabilities for the Most Likely Latent Class Membership (Column)
by Latent Class (Row)

              1        2        3

    1      1.202    0.387    0.000
    2     -1.001    1.971    0.000
    3     -2.630   -0.864    0.000


MODEL RESULTS

                                                    Two-Tailed
                    Estimate       S.E.  Est./S.E.    P-Value

Latent Class 1

 Means
    Z_TIPI_N          -0.854      0.357     -2.388      0.017
    Z_TIPI_E           0.374      0.515      0.727      0.467
    Z_TIPI_O          -0.877      0.407     -2.154      0.031
    Z_TIPI_A           0.080      0.243      0.327      0.744
    Z_TIPI_C           0.383      0.274      1.400      0.161

 Variances
    Z_TIPI_N           0.701      0.221      3.172      0.002
    Z_TIPI_E           0.892      0.141      6.308      0.000
    Z_TIPI_O           0.754      0.204      3.691      0.000
    Z_TIPI_A           0.860      0.162      5.294      0.000
    Z_TIPI_C           0.960      0.099      9.727      0.000

Latent Class 2

 Means
    Z_TIPI_N           0.498      0.135      3.677      0.000
    Z_TIPI_E           0.145      0.156      0.933      0.351
    Z_TIPI_O          -0.036      0.234     -0.152      0.879
    Z_TIPI_A          -0.328      0.328     -0.999      0.318
    Z_TIPI_C          -0.039      0.155     -0.254      0.800

 Variances
    Z_TIPI_N           0.701      0.221      3.172      0.002
    Z_TIPI_E           0.892      0.141      6.308      0.000
    Z_TIPI_O           0.754      0.204      3.691      0.000
    Z_TIPI_A           0.860      0.162      5.294      0.000
    Z_TIPI_C           0.960      0.099      9.727      0.000

Latent Class 3

 Means
    Z_TIPI_N          -0.340      0.630     -0.540      0.589
    Z_TIPI_E          -0.468      0.347     -1.347      0.178
    Z_TIPI_O           0.579      0.378      1.532      0.125
    Z_TIPI_A           0.509      0.320      1.593      0.111
    Z_TIPI_C          -0.160      0.229     -0.698      0.485

 Variances
    Z_TIPI_N           0.701      0.221      3.172      0.002
    Z_TIPI_E           0.892      0.141      6.308      0.000
    Z_TIPI_O           0.754      0.204      3.691      0.000
    Z_TIPI_A           0.860      0.162      5.294      0.000
    Z_TIPI_C           0.960      0.099      9.727      0.000

Categorical Latent Variables

 Means
    C#1               -0.525      0.900     -0.583      0.560
    C#2                0.529      0.938      0.564      0.573


QUALITY OF NUMERICAL RESULTS

     Condition Number for the Information Matrix              0.628E-02
       (ratio of smallest to largest eigenvalue)


TECHNICAL 11 OUTPUT

     Random Starts Specifications for the k-1 Class Analysis Model
        Number of initial stage random starts                 200
        Number of final stage optimizations                    50



     VUONG-LO-MENDELL-RUBIN LIKELIHOOD RATIO TEST FOR 2 (H0) VERSUS 3 CLASSES

          H0 Loglikelihood Value                        -1410.792
          2 Times the Loglikelihood Difference             11.139
          Difference in the Number of Parameters                6
          Mean                                             16.040
          Standard Deviation                               26.893
          P-Value                                          0.5159

     LO-MENDELL-RUBIN ADJUSTED LRT TEST

          Value                                            10.800
          P-Value                                          0.5245


TECHNICAL 14 OUTPUT

     Random Starts Specifications for the k-1 Class Analysis Model
        Number of initial stage random starts                 200
        Number of final stage optimizations                    50

     Random Starts Specification for the k-1 Class Model for Generated Data
        Number of initial stage random starts                 200
        Number of final stage optimizations                    50
     Random Starts Specification for the k Class Model for Generated Data
        Number of initial stage random starts                 200
        Number of final stage optimizations                    50
     Number of bootstrap draws requested                   Varies


     PARAMETRIC BOOTSTRAPPED LIKELIHOOD RATIO TEST FOR 2 (H0) VERSUS 3 CLASSES

          H0 Loglikelihood Value                        -1410.792
          2 Times the Loglikelihood Difference             11.139
          Difference in the Number of Parameters                6
          Approximate P-Value                              0.6000
          Successful Bootstrap Draws                            5


PLOT INFORMATION

The following plots are available:

  Histograms (sample values)
  Scatterplots (sample values)
  Estimated overall and class-specific distributions

SAVEDATA INFORMATION


  Save file
    tipi_profiles_c3.dat

  Order and format of variables

    Z_TIPI_N       F10.3
    Z_TIPI_E       F10.3
    Z_TIPI_O       F10.3
    Z_TIPI_A       F10.3
    Z_TIPI_C       F10.3
    CPROB1         F10.3
    CPROB2         F10.3
    CPROB3         F10.3
    C              F10.3

  Save file format
    9F10.3

  Save file record length    10000

  Save missing symbol        *


     Beginning Time:  00:08:18
        Ending Time:  00:08:23
       Elapsed Time:  00:00:05


Mplus VERSION 8.11 DEMO (Mac) has the following limitations:
  Maximum number of dependent variables: 6
  Maximum number of independent variables: 2
  Maximum number of between variables: 2
  Maximum number of continuous latent variables in time series analysis: 2


MUTHEN & MUTHEN
3463 Stoner Ave.
Los Angeles, CA  90066

Tel: (310) 391-9971
Fax: (310) 391-8971
Web: www.StatModel.com
Support: Support@StatModel.com

Copyright (c) 1998-2024 Muthen & Muthen
