Mplus VERSION 8.11 DEMO (Mac)
MUTHEN & MUTHEN
07/08/2025  12:30 PM

INPUT INSTRUCTIONS

  TITLE:
        LPA for Class 4;

      DATA:
        ! Mplus„Å®Âêå„Åò„Éï„Ç©„É´„ÉÄ„Å´„Éá„Éº„Çø„Åå„ÅÇ„Çã„ÅÆ„Åß„ÄÅ„Éï„Ç°„Ç§„É´Âêç„Å†„Åë„ÅßÊå
        FILE IS "physiological_test_1st_n12151.csv";

      VARIABLE:
        NAMES ARE
          ID gender birthdate age_entry age_scan scan_date course_code
          tipi_n tipi_e tipi_o tipi_a tipi_c;
        USEVARIABLES ARE
          tipi_n tipi_e tipi_o tipi_a tipi_c;

        ! „Åì„Åì„Åß„ÇØ„É©„ÇπÊï∞„ÇíÂãïÁöÑ„Å´ÊåáÂÆö„Åó„Åæ„Åô
        CLASSES = c(4);

        ! Ê¨†ÊêçÂÄ§„Åå„ÅÇ„ÇãÂ†¥Âêà„ÅØ„ÄÅ„Åì„ÅÆ‰∏ã„ÅÆË°å„ÅÆ„Ç≥„É°„É≥„Éà„Äå!„Äç„ÇíËß£Èô§„Åó„ÄÅ
        ! ÂÆüÈöõ„ÅÆÊ¨†ÊêçÂÄ§„ÅÆË®òÂè∑„Å´Âêà„Çè„Åõ„Å¶„Åè„Å†„Åï„ÅÑ (‰æã: -999)
        ! MISSING ARE ALL (-999);

      ANALYSIS:
        TYPE = MIXTURE;
        ESTIMATOR = MLR;
        STARTS = 200 50; ! Ë®àÁÆó„ÅÆÂÆâÂÆöÊÄß„ÇíÈ´ò„ÇÅ„Çã„Åü„ÇÅ„ÅÆ„Åä„Åæ„Åò„Å™„ÅÑ

      OUTPUT:
        TECH11 TECH14;

      SAVEDATA:
        SAVE = CPROBABILITIES;
        FILE IS tipi_profiles_c4.dat;

      PLOT:
        TYPE = PLOT3;




*** WARNING
  Input line exceeded 90 characters. Some input may be truncated.
        ! Mplus„Å®Âêå„Åò„Éï„Ç©„É´„ÉÄ„Å´„Éá„Éº„Çø„Åå„ÅÇ„Çã„ÅÆ„Åß„ÄÅ„Éï„Ç°„Ç§„É´Âêç„Å†„Åë„ÅßÊåá
*** WARNING in MODEL command
  All variables are uncorrelated with all other variables within class.
  Check that this is what is intended.
   2 WARNING(S) FOUND IN THE INPUT INSTRUCTIONS




LPA for Class 4;

SUMMARY OF ANALYSIS

Number of groups                                                 1
Number of observations                                         200

Number of dependent variables                                    5
Number of independent variables                                  0
Number of continuous latent variables                            0
Number of categorical latent variables                           1

Observed dependent variables

  Continuous
   TIPI_N      TIPI_E      TIPI_O      TIPI_A      TIPI_C

Categorical latent variables
   C


Estimator                                                      MLR
Information matrix                                        OBSERVED
Optimization Specifications for the Quasi-Newton Algorithm for
Continuous Outcomes
  Maximum number of iterations                                 100
  Convergence criterion                                  0.100D-05
Optimization Specifications for the EM Algorithm
  Maximum number of iterations                                 500
  Convergence criteria
    Loglikelihood change                                 0.100D-06
    Relative loglikelihood change                        0.100D-06
    Derivative                                           0.100D-05
Optimization Specifications for the M step of the EM Algorithm for
Categorical Latent variables
  Number of M step iterations                                    1
  M step convergence criterion                           0.100D-05
  Basis for M step termination                           ITERATION
Optimization Specifications for the M step of the EM Algorithm for
Censored, Binary or Ordered Categorical (Ordinal), Unordered
Categorical (Nominal) and Count Outcomes
  Number of M step iterations                                    1
  M step convergence criterion                           0.100D-05
  Basis for M step termination                           ITERATION
  Maximum value for logit thresholds                            15
  Minimum value for logit thresholds                           -15
  Minimum expected cell size for chi-square              0.100D-01
Optimization algorithm                                         EMA
Random Starts Specifications
  Number of initial stage random starts                        200
  Number of final stage optimizations                           50
  Number of initial stage iterations                            10
  Initial stage convergence criterion                    0.100D+01
  Random starts scale                                    0.500D+01
  Random seed for generating random starts                       0

Input data file(s)
  physiological_test_1st_n12151.csv
Input data format  FREE



UNIVARIATE SAMPLE STATISTICS


     UNIVARIATE HIGHER-ORDER MOMENT DESCRIPTIVE STATISTICS

         Variable/         Mean/     Skewness/   Minimum/ % with                Percentiles
        Sample Size      Variance    Kurtosis    Maximum  Min/Max      20%/60%    40%/80%    Median

     TIPI_N               48.835      -0.050      25.000    0.50%      40.000     47.000     49.000
             200.000      85.998      -0.123      74.000    1.00%      51.000     56.000
     TIPI_E               49.795       0.241      20.000    0.50%      42.000     47.000     49.000
             200.000     102.813       0.614      83.000    0.50%      51.000     58.000
     TIPI_O               50.380      -0.264      24.000    1.00%      43.000     48.000     51.000
             200.000      99.446      -0.180      74.000    1.00%      53.000     59.000
     TIPI_A               49.245       0.038      23.000    0.50%      40.000     45.000     49.000
             200.000     112.965      -0.445      77.000    0.50%      52.000     58.000
     TIPI_C               49.910       0.065      26.000    0.50%      41.000     48.000     49.500
             200.000      98.592      -0.158      77.000    0.50%      52.000     58.000

RANDOM STARTS RESULTS RANKED FROM THE BEST TO THE WORST LOGLIKELIHOOD VALUES

Final stage loglikelihood values at local maxima, seeds, and initial stage start numbers:

           -3703.506  793035           187
           -3703.971  345070           114
           -3703.971  635245           121
           -3703.971  436460           89
           -3703.971  784664           75
           -3703.971  168762           200
           -3704.626  314084           81
           -3704.626  392418           28
           -3704.626  153942           31
           -3704.626  195873           6
           -3704.626  650371           14
           -3704.626  645664           39
           -3704.626  618000           190
           -3704.626  372176           23
           -3704.626  695155           150
           -3704.626  202790           198
           -3704.626  535804           111
           -3704.626  21345            199
           -3704.817  107446           12
           -3704.817  741888           138
           -3704.817  329127           185
           -3704.817  928287           197
           -3704.817  626891           32
           -3705.020  856536           144
           -3705.020  432148           30
           -3705.187  76337            76
           -3705.187  437181           135
           -3705.187  903369           134
           -3705.187  603842           61
           -3705.321  967902           52
           -3705.590  152496           123
           -3705.605  284109           82
           -3705.605  318230           46
           -3705.605  417035           149
           -3706.140  319144           176
           -3706.140  25127            107
           -3706.253  369602           146
           -3706.253  903420           5
           -3706.253  286735           175
           -3706.253  27071            15
           -3706.659  303634           169
           -3706.659  533738           11
           -3706.659  587946           120
           -3707.049  804561           59

6 perturbed starting value run(s) did not converge or were rejected in the third stage.



     WARNING:  THE BEST LOGLIKELIHOOD VALUE WAS NOT REPLICATED.  THE
     SOLUTION MAY NOT BE TRUSTWORTHY DUE TO LOCAL MAXIMA.  INCREASE THE
     NUMBER OF RANDOM STARTS.


THE MODEL ESTIMATION TERMINATED NORMALLY



MODEL FIT INFORMATION

Number of Free Parameters                       28

Loglikelihood

          H0 Value                       -3703.506
          H0 Scaling Correction Factor      1.0360
            for MLR

Information Criteria

          Akaike (AIC)                    7463.012
          Bayesian (BIC)                  7555.365
          Sample-Size Adjusted BIC        7466.658
            (n* = (n + 2) / 24)



FINAL CLASS COUNTS AND PROPORTIONS FOR THE LATENT CLASSES
BASED ON THE ESTIMATED MODEL

    Latent
   Classes

       1         35.33473          0.17667
       2        111.38215          0.55691
       3         12.96521          0.06483
       4         40.31792          0.20159


FINAL CLASS COUNTS AND PROPORTIONS FOR THE LATENT CLASSES
BASED ON ESTIMATED POSTERIOR PROBABILITIES

    Latent
   Classes

       1         35.33473          0.17667
       2        111.38215          0.55691
       3         12.96521          0.06483
       4         40.31792          0.20159


FINAL CLASS COUNTS AND PROPORTIONS FOR THE LATENT CLASSES
BASED ON THEIR MOST LIKELY LATENT CLASS MEMBERSHIP

Class Counts and Proportions

    Latent
   Classes

       1               32          0.16000
       2              118          0.59000
       3               11          0.05500
       4               39          0.19500


CLASSIFICATION QUALITY

     Entropy                         0.682


Average Latent Class Probabilities for Most Likely Latent Class Membership (Row)
by Latent Class (Column)

           1        2        3        4

    1   0.794    0.137    0.012    0.057
    2   0.067    0.847    0.029    0.057
    3   0.031    0.133    0.836    0.000
    4   0.044    0.143    0.000    0.814


Classification Probabilities for the Most Likely Latent Class Membership (Column)
by Latent Class (Row)

           1        2        3        4

    1   0.719    0.223    0.010    0.048
    2   0.039    0.898    0.013    0.050
    3   0.030    0.261    0.709    0.000
    4   0.045    0.168    0.000    0.787


Logits for the Classification Probabilities for the Most Likely Latent Class Membership (Column)
by Latent Class (Row)

              1        2        3        4

    1      2.706    1.536   -1.599    0.000
    2     -0.240    2.888   -1.340    0.000
    3      6.013    8.185    9.185    0.000
    4     -2.854   -1.547  -10.538    0.000


MODEL RESULTS

                                                    Two-Tailed
                    Estimate       S.E.  Est./S.E.    P-Value

Latent Class 1

 Means
    TIPI_N            47.557      2.535     18.762      0.000
    TIPI_E            46.619      1.728     26.980      0.000
    TIPI_O            38.113      2.239     17.019      0.000
    TIPI_A            49.204      2.319     21.218      0.000
    TIPI_C            50.674      2.664     19.025      0.000

 Variances
    TIPI_N            79.024      8.451      9.351      0.000
    TIPI_E            43.681      7.757      5.631      0.000
    TIPI_O            56.390     10.086      5.591      0.000
    TIPI_A           109.999      9.527     11.546      0.000
    TIPI_C            97.939      9.408     10.411      0.000

Latent Class 2

 Means
    TIPI_N            50.638      1.065     47.561      0.000
    TIPI_E            48.118      1.212     39.703      0.000
    TIPI_O            54.988      1.435     38.322      0.000
    TIPI_A            50.508      1.370     36.856      0.000
    TIPI_C            49.693      1.258     39.509      0.000

 Variances
    TIPI_N            79.024      8.451      9.351      0.000
    TIPI_E            43.681      7.757      5.631      0.000
    TIPI_O            56.390     10.086      5.591      0.000
    TIPI_A           109.999      9.527     11.546      0.000
    TIPI_C            97.939      9.408     10.411      0.000

Latent Class 3

 Means
    TIPI_N            40.403      2.522     16.017      0.000
    TIPI_E            31.886      2.523     12.638      0.000
    TIPI_O            55.751      2.777     20.072      0.000
    TIPI_A            48.366      4.090     11.824      0.000
    TIPI_C            47.385      2.372     19.976      0.000

 Variances
    TIPI_N            79.024      8.451      9.351      0.000
    TIPI_E            43.681      7.757      5.631      0.000
    TIPI_O            56.390     10.086      5.591      0.000
    TIPI_A           109.999      9.527     11.546      0.000
    TIPI_C            97.939      9.408     10.411      0.000

Latent Class 4

 Means
    TIPI_N            47.686      2.205     21.623      0.000
    TIPI_E            62.970      2.631     23.931      0.000
    TIPI_O            46.672      1.858     25.113      0.000
    TIPI_A            46.074      1.851     24.889      0.000
    TIPI_C            50.651      2.119     23.901      0.000

 Variances
    TIPI_N            79.024      8.451      9.351      0.000
    TIPI_E            43.681      7.757      5.631      0.000
    TIPI_O            56.390     10.086      5.591      0.000
    TIPI_A           109.999      9.527     11.546      0.000
    TIPI_C            97.939      9.408     10.411      0.000

Categorical Latent Variables

 Means
    C#1               -0.132      0.467     -0.282      0.778
    C#2                1.016      0.486      2.089      0.037
    C#3               -1.135      0.592     -1.915      0.056


QUALITY OF NUMERICAL RESULTS

     Condition Number for the Information Matrix              0.130E-02
       (ratio of smallest to largest eigenvalue)


TECHNICAL 11 OUTPUT

     Random Starts Specifications for the k-1 Class Analysis Model
        Number of initial stage random starts                 200
        Number of final stage optimizations                    50



     VUONG-LO-MENDELL-RUBIN LIKELIHOOD RATIO TEST FOR 3 (H0) VERSUS 4 CLASSES

          H0 Loglikelihood Value                        -3708.219
          2 Times the Loglikelihood Difference              9.427
          Difference in the Number of Parameters                6
          Mean                                             -1.622
          Standard Deviation                               26.370
          P-Value                                          0.3264

     LO-MENDELL-RUBIN ADJUSTED LRT TEST

          Value                                             9.139
          P-Value                                          0.3328


TECHNICAL 14 OUTPUT

     Random Starts Specifications for the k-1 Class Analysis Model
        Number of initial stage random starts                 200
        Number of final stage optimizations                    50

     Random Starts Specification for the k-1 Class Model for Generated Data
        Number of initial stage random starts                   0
        Number of final stage optimizations for the
           initial stage random starts                          0
     Random Starts Specification for the k Class Model for Generated Data
        Number of initial stage random starts                  40
        Number of final stage optimizations                     8
     Number of bootstrap draws requested                   Varies


     PARAMETRIC BOOTSTRAPPED LIKELIHOOD RATIO TEST FOR 3 (H0) VERSUS 4 CLASSES

          H0 Loglikelihood Value                        -3708.219
          2 Times the Loglikelihood Difference              9.427
          Difference in the Number of Parameters                6
          Approximate P-Value                              0.6667
          Successful Bootstrap Draws                            3


PLOT INFORMATION

The following plots are available:

  Histograms (sample values)
  Scatterplots (sample values)
  Estimated overall and class-specific distributions

SAVEDATA INFORMATION


  Save file
    tipi_profiles_c4.dat

  Order and format of variables

    TIPI_N         F10.3
    TIPI_E         F10.3
    TIPI_O         F10.3
    TIPI_A         F10.3
    TIPI_C         F10.3
    CPROB1         F10.3
    CPROB2         F10.3
    CPROB3         F10.3
    CPROB4         F10.3
    C              F10.3

  Save file format
    10F10.3

  Save file record length    10000

  Save missing symbol        *


     Beginning Time:  12:30:41
        Ending Time:  12:30:44
       Elapsed Time:  00:00:03


Mplus VERSION 8.11 DEMO (Mac) has the following limitations:
  Maximum number of dependent variables: 6
  Maximum number of independent variables: 2
  Maximum number of between variables: 2
  Maximum number of continuous latent variables in time series analysis: 2


MUTHEN & MUTHEN
3463 Stoner Ave.
Los Angeles, CA  90066

Tel: (310) 391-9971
Fax: (310) 391-8971
Web: www.StatModel.com
Support: Support@StatModel.com

Copyright (c) 1998-2024 Muthen & Muthen
