Mplus VERSION 8.11 DEMO (Mac)
MUTHEN & MUTHEN
07/09/2025  12:08 AM

INPUT INSTRUCTIONS

  TITLE:
        LPA for Class 5;

      DATA:
        ! Mplus„Å®Âêå„Åò„Éï„Ç©„É´„ÉÄ„Å´„Éá„Éº„Çø„Åå„ÅÇ„Çã„ÅÆ„Åß„ÄÅ„Éï„Ç°„Ç§„É´Âêç„Å†„Åë„ÅßÊå
        FILE IS "standardized_data_for_mplus.csv";

      VARIABLE:
        NAMES ARE
          ! ID gender birthdate age_entry age_scan scan_date course_code
          z_tipi_n z_tipi_e z_tipi_o z_tipi_a z_tipi_c;
        USEVARIABLES ARE
          z_tipi_n z_tipi_e z_tipi_o z_tipi_a z_tipi_c;

        ! „Åì„Åì„Åß„ÇØ„É©„ÇπÊï∞„ÇíÂãïÁöÑ„Å´ÊåáÂÆö„Åó„Åæ„Åô
        CLASSES = c(5);

        ! Ê¨†ÊêçÂÄ§„Åå„ÅÇ„ÇãÂ†¥Âêà„ÅØ„ÄÅ„Åì„ÅÆ‰∏ã„ÅÆË°å„ÅÆ„Ç≥„É°„É≥„Éà„Äå!„Äç„ÇíËß£Èô§„Åó„ÄÅ
        ! ÂÆüÈöõ„ÅÆÊ¨†ÊêçÂÄ§„ÅÆË®òÂè∑„Å´Âêà„Çè„Åõ„Å¶„Åè„Å†„Åï„ÅÑ (‰æã: -999)
        ! MISSING ARE ALL (-999);

      ANALYSIS:
        TYPE = MIXTURE;
        ESTIMATOR = MLR;
        STARTS = 200 50;
        LRTSTARTS = 200 50 200 50; ! BLRT„ÅÆË®àÁÆó„ÇíÂÆâÂÆö„Åï„Åõ„Çã„Åü„ÇÅ„ÅÆ„Åä„Åæ„Åò„Å™„ÅÑ

      OUTPUT:
        TECH11 TECH14;

      SAVEDATA:
        SAVE = CPROBABILITIES;
        FILE IS tipi_profiles_c5.dat;

      PLOT:
        TYPE = PLOT3;




*** WARNING
  Input line exceeded 90 characters. Some input may be truncated.
        ! Mplus„Å®Âêå„Åò„Éï„Ç©„É´„ÉÄ„Å´„Éá„Éº„Çø„Åå„ÅÇ„Çã„ÅÆ„Åß„ÄÅ„Éï„Ç°„Ç§„É´Âêç„Å†„Åë„ÅßÊåá
*** WARNING in MODEL command
  All variables are uncorrelated with all other variables within class.
  Check that this is what is intended.
   2 WARNING(S) FOUND IN THE INPUT INSTRUCTIONS




LPA for Class 5;

SUMMARY OF ANALYSIS

Number of groups                                                 1
Number of observations                                         200

Number of dependent variables                                    5
Number of independent variables                                  0
Number of continuous latent variables                            0
Number of categorical latent variables                           1

Observed dependent variables

  Continuous
   Z_TIPI_N    Z_TIPI_E    Z_TIPI_O    Z_TIPI_A    Z_TIPI_C

Categorical latent variables
   C


Estimator                                                      MLR
Information matrix                                        OBSERVED
Optimization Specifications for the Quasi-Newton Algorithm for
Continuous Outcomes
  Maximum number of iterations                                 100
  Convergence criterion                                  0.100D-05
Optimization Specifications for the EM Algorithm
  Maximum number of iterations                                 500
  Convergence criteria
    Loglikelihood change                                 0.100D-06
    Relative loglikelihood change                        0.100D-06
    Derivative                                           0.100D-05
Optimization Specifications for the M step of the EM Algorithm for
Categorical Latent variables
  Number of M step iterations                                    1
  M step convergence criterion                           0.100D-05
  Basis for M step termination                           ITERATION
Optimization Specifications for the M step of the EM Algorithm for
Censored, Binary or Ordered Categorical (Ordinal), Unordered
Categorical (Nominal) and Count Outcomes
  Number of M step iterations                                    1
  M step convergence criterion                           0.100D-05
  Basis for M step termination                           ITERATION
  Maximum value for logit thresholds                            15
  Minimum value for logit thresholds                           -15
  Minimum expected cell size for chi-square              0.100D-01
Optimization algorithm                                         EMA
Random Starts Specifications
  Number of initial stage random starts                        200
  Number of final stage optimizations                           50
  Number of initial stage iterations                            10
  Initial stage convergence criterion                    0.100D+01
  Random starts scale                                    0.500D+01
  Random seed for generating random starts                       0

Input data file(s)
  standardized_data_for_mplus.csv
Input data format  FREE



UNIVARIATE SAMPLE STATISTICS


     UNIVARIATE HIGHER-ORDER MOMENT DESCRIPTIVE STATISTICS

         Variable/         Mean/     Skewness/   Minimum/ % with                Percentiles
        Sample Size      Variance    Kurtosis    Maximum  Min/Max      20%/60%    40%/80%    Median

     Z_TIPI_N              0.000      -0.050      -2.564    0.50%      -0.950     -0.197      0.018
             200.000       0.995      -0.123       2.707    1.00%       0.233      0.771
     Z_TIPI_E              0.000       0.241      -2.931    0.50%      -0.767     -0.275     -0.078
             200.000       0.995       0.614       3.267    0.50%       0.119      0.807
     Z_TIPI_O              0.000      -0.264      -2.639    1.00%      -0.738     -0.238      0.062
             200.000       0.995      -0.180       2.363    1.00%       0.262      0.862
     Z_TIPI_A              0.000       0.038      -2.463    0.50%      -0.868     -0.398     -0.023
             200.000       0.995      -0.445       2.605    0.50%       0.259      0.822
     Z_TIPI_C              0.000       0.065      -2.402    0.50%      -0.895     -0.192     -0.041
             200.000       0.995      -0.158       2.721    0.50%       0.210      0.813

RANDOM STARTS RESULTS RANKED FROM THE BEST TO THE WORST LOGLIKELIHOOD VALUES

Final stage loglikelihood values at local maxima, seeds, and initial stage start numbers:

           -1394.762  635245           121
           -1394.762  789985           67
           -1394.762  526324           178
           -1394.762  107446           12
           -1394.762  648555           113
           -1394.762  715561           125
           -1395.745  928287           197
           -1395.745  749453           33
           -1395.745  794236           127
           -1395.745  437181           135
           -1395.745  650371           14
           -1395.745  127215           9
           -1395.745  314084           81
           -1395.745  25127            107
           -1395.745  475420           71
           -1396.009  533738           11
           -1396.009  535804           111
           -1396.009  754100           56
           -1396.754  645664           39
           -1396.770  292884           103
           -1396.770  354208           196
           -1397.366  948615           140
           -1397.366  417035           149
           -1397.366  303634           169
           -1398.748  246261           38
           -1398.815  405079           68
           -1398.822  76974            16
           -1398.822  913639           162
           -1399.263  860772           174
           -1399.676  153942           31
           -1400.333  456213           160
           -1400.392  479273           156
           -1400.392  848890           95
           -1400.798  784664           75
           -1401.080  131856           90
           -1401.493  364676           27
           -1401.528  27071            15

13 perturbed starting value run(s) did not converge or were rejected in the third stage.



THE BEST LOGLIKELIHOOD VALUE HAS BEEN REPLICATED.  RERUN WITH AT LEAST TWICE THE
RANDOM STARTS TO CHECK THAT THE BEST LOGLIKELIHOOD IS STILL OBTAINED AND REPLICATED.


THE MODEL ESTIMATION TERMINATED NORMALLY



MODEL FIT INFORMATION

Number of Free Parameters                       34

Loglikelihood

          H0 Value                       -1394.762
          H0 Scaling Correction Factor      1.0734
            for MLR

Information Criteria

          Akaike (AIC)                    2857.525
          Bayesian (BIC)                  2969.668
          Sample-Size Adjusted BIC        2861.952
            (n* = (n + 2) / 24)



FINAL CLASS COUNTS AND PROPORTIONS FOR THE LATENT CLASSES
BASED ON THE ESTIMATED MODEL

    Latent
   Classes

       1         46.33781          0.23169
       2         21.11829          0.10559
       3         10.66069          0.05330
       4         61.07946          0.30540
       5         60.80375          0.30402


FINAL CLASS COUNTS AND PROPORTIONS FOR THE LATENT CLASSES
BASED ON ESTIMATED POSTERIOR PROBABILITIES

    Latent
   Classes

       1         46.33781          0.23169
       2         21.11829          0.10559
       3         10.66069          0.05330
       4         61.07946          0.30540
       5         60.80375          0.30402


FINAL CLASS COUNTS AND PROPORTIONS FOR THE LATENT CLASSES
BASED ON THEIR MOST LIKELY LATENT CLASS MEMBERSHIP

Class Counts and Proportions

    Latent
   Classes

       1               44          0.22000
       2               20          0.10000
       3               10          0.05000
       4               63          0.31500
       5               63          0.31500


CLASSIFICATION QUALITY

     Entropy                         0.622


Average Latent Class Probabilities for Most Likely Latent Class Membership (Row)
by Latent Class (Column)

           1        2        3        4        5

    1   0.751    0.048    0.023    0.113    0.064
    2   0.088    0.741    0.048    0.117    0.005
    3   0.114    0.025    0.857    0.004    0.000
    4   0.101    0.059    0.002    0.712    0.126
    5   0.064    0.003    0.000    0.141    0.792


Classification Probabilities for the Most Likely Latent Class Membership (Column)
by Latent Class (Row)

           1        2        3        4        5

    1   0.713    0.038    0.025    0.137    0.087
    2   0.100    0.702    0.012    0.176    0.010
    3   0.097    0.090    0.804    0.009    0.000
    4   0.081    0.038    0.001    0.735    0.145
    5   0.047    0.002    0.000    0.131    0.821


Logits for the Classification Probabilities for the Most Likely Latent Class Membership (Column)
by Latent Class (Row)

              1        2        3        4        5

    1      2.107   -0.821   -1.259    0.459    0.000
    2      2.309    4.256    0.176    2.871    0.000
    3      8.495    8.429   10.614    6.125    0.000
    4     -0.576   -1.329   -5.496    1.623    0.000
    5     -2.870   -6.229  -11.729   -1.836    0.000


MODEL RESULTS

                                                    Two-Tailed
                    Estimate       S.E.  Est./S.E.    P-Value

Latent Class 1

 Means
    Z_TIPI_N          -0.875      0.262     -3.342      0.001
    Z_TIPI_E           0.193      0.350      0.552      0.581
    Z_TIPI_O          -0.444      0.288     -1.540      0.124
    Z_TIPI_A           0.183      0.176      1.036      0.300
    Z_TIPI_C           0.016      0.172      0.093      0.926

 Variances
    Z_TIPI_N           0.641      0.171      3.738      0.000
    Z_TIPI_E           0.904      0.124      7.301      0.000
    Z_TIPI_O           0.324      0.090      3.621      0.000
    Z_TIPI_A           0.888      0.098      9.020      0.000
    Z_TIPI_C           0.862      0.125      6.894      0.000

Latent Class 2

 Means
    Z_TIPI_N           0.771      0.290      2.663      0.008
    Z_TIPI_E          -0.026      0.323     -0.081      0.936
    Z_TIPI_O          -1.133      0.482     -2.352      0.019
    Z_TIPI_A          -0.217      0.472     -0.459      0.646
    Z_TIPI_C          -0.620      0.307     -2.020      0.043

 Variances
    Z_TIPI_N           0.641      0.171      3.738      0.000
    Z_TIPI_E           0.904      0.124      7.301      0.000
    Z_TIPI_O           0.324      0.090      3.621      0.000
    Z_TIPI_A           0.888      0.098      9.020      0.000
    Z_TIPI_C           0.862      0.125      6.894      0.000

Latent Class 3

 Means
    Z_TIPI_N          -0.548      0.239     -2.292      0.022
    Z_TIPI_E           0.062      0.340      0.182      0.855
    Z_TIPI_O          -1.977      0.265     -7.467      0.000
    Z_TIPI_A          -0.156      0.415     -0.376      0.707
    Z_TIPI_C           0.972      0.229      4.247      0.000

 Variances
    Z_TIPI_N           0.641      0.171      3.738      0.000
    Z_TIPI_E           0.904      0.124      7.301      0.000
    Z_TIPI_O           0.324      0.090      3.621      0.000
    Z_TIPI_A           0.888      0.098      9.020      0.000
    Z_TIPI_C           0.862      0.125      6.894      0.000

Latent Class 4

 Means
    Z_TIPI_N           0.563      0.196      2.872      0.004
    Z_TIPI_E           0.285      0.227      1.258      0.208
    Z_TIPI_O           0.124      0.264      0.468      0.639
    Z_TIPI_A          -0.407      0.228     -1.786      0.074
    Z_TIPI_C           0.276      0.407      0.679      0.497

 Variances
    Z_TIPI_N           0.641      0.171      3.738      0.000
    Z_TIPI_E           0.904      0.124      7.301      0.000
    Z_TIPI_O           0.324      0.090      3.621      0.000
    Z_TIPI_A           0.888      0.098      9.020      0.000
    Z_TIPI_C           0.862      0.125      6.894      0.000

Latent Class 5

 Means
    Z_TIPI_N          -0.070      0.210     -0.335      0.737
    Z_TIPI_E          -0.435      0.160     -2.723      0.006
    Z_TIPI_O           0.954      0.159      6.001      0.000
    Z_TIPI_A           0.372      0.219      1.697      0.090
    Z_TIPI_C          -0.245      0.218     -1.122      0.262

 Variances
    Z_TIPI_N           0.641      0.171      3.738      0.000
    Z_TIPI_E           0.904      0.124      7.301      0.000
    Z_TIPI_O           0.324      0.090      3.621      0.000
    Z_TIPI_A           0.888      0.098      9.020      0.000
    Z_TIPI_C           0.862      0.125      6.894      0.000

Categorical Latent Variables

 Means
    C#1               -0.272      0.510     -0.533      0.594
    C#2               -1.058      0.917     -1.153      0.249
    C#3               -1.741      0.620     -2.810      0.005
    C#4                0.005      0.622      0.007      0.994


QUALITY OF NUMERICAL RESULTS

     Condition Number for the Information Matrix              0.260E-04
       (ratio of smallest to largest eigenvalue)


TECHNICAL 11 OUTPUT

     Random Starts Specifications for the k-1 Class Analysis Model
        Number of initial stage random starts                 200
        Number of final stage optimizations                    50



     VUONG-LO-MENDELL-RUBIN LIKELIHOOD RATIO TEST FOR 4 (H0) VERSUS 5 CLASSES

          H0 Loglikelihood Value                        -1400.974
          2 Times the Loglikelihood Difference             12.422
          Difference in the Number of Parameters                6
          Mean                                             12.853
          Standard Deviation                               20.416
          P-Value                                          0.4352

     LO-MENDELL-RUBIN ADJUSTED LRT TEST

          Value                                            12.043
          P-Value                                          0.4446


TECHNICAL 14 OUTPUT

     Random Starts Specifications for the k-1 Class Analysis Model
        Number of initial stage random starts                 200
        Number of final stage optimizations                    50

     Random Starts Specification for the k-1 Class Model for Generated Data
        Number of initial stage random starts                 200
        Number of final stage optimizations                    50
     Random Starts Specification for the k Class Model for Generated Data
        Number of initial stage random starts                 200
        Number of final stage optimizations                    50
     Number of bootstrap draws requested                   Varies


     PARAMETRIC BOOTSTRAPPED LIKELIHOOD RATIO TEST FOR 4 (H0) VERSUS 5 CLASSES

          H0 Loglikelihood Value                        -1400.974
          2 Times the Loglikelihood Difference             12.422
          Difference in the Number of Parameters                6
          Approximate P-Value                              1.0000
          Successful Bootstrap Draws                            2


PLOT INFORMATION

The following plots are available:

  Histograms (sample values)
  Scatterplots (sample values)
  Estimated overall and class-specific distributions

SAVEDATA INFORMATION


  Save file
    tipi_profiles_c5.dat

  Order and format of variables

    Z_TIPI_N       F10.3
    Z_TIPI_E       F10.3
    Z_TIPI_O       F10.3
    Z_TIPI_A       F10.3
    Z_TIPI_C       F10.3
    CPROB1         F10.3
    CPROB2         F10.3
    CPROB3         F10.3
    CPROB4         F10.3
    CPROB5         F10.3
    C              F10.3

  Save file format
    11F10.3

  Save file record length    10000

  Save missing symbol        *


     Beginning Time:  00:08:28
        Ending Time:  00:08:34
       Elapsed Time:  00:00:06


Mplus VERSION 8.11 DEMO (Mac) has the following limitations:
  Maximum number of dependent variables: 6
  Maximum number of independent variables: 2
  Maximum number of between variables: 2
  Maximum number of continuous latent variables in time series analysis: 2


MUTHEN & MUTHEN
3463 Stoner Ave.
Los Angeles, CA  90066

Tel: (310) 391-9971
Fax: (310) 391-8971
Web: www.StatModel.com
Support: Support@StatModel.com

Copyright (c) 1998-2024 Muthen & Muthen
