Mplus VERSION 8.11 DEMO (Mac)
MUTHEN & MUTHEN
07/08/2025  12:12 PM

INPUT INSTRUCTIONS

  TITLE:
  Automated LPA with Direct Execution (C2-C15);
  DATA:
  FILE = "tipi-j/lpa_data.dat";

      FILE IS "../physiological_test_1st_n12151.csv";

  VARIABLE:
  NAMES = ;
   MISSING=.;

      NAMES ARE
        ID gender birthdate age_entry age_scan scan_date course_code
        tipi_n tipi_e tipi_o tipi_a tipi_c;
      USEVARIABLES ARE
        tipi_n tipi_e tipi_o tipi_a tipi_c;

  ANALYSIS:

      TYPE = MIXTURE;
      ESTIMATOR = MLR;
      STARTS = 200 50;

  OUTPUT:
  TECH11 TECH14;
  SAVEDATA:
  SAVE = CPROBABILITIES;
  PLOT:
  TYPE = PLOT3;

*** ERROR in VARIABLE command
  CLASSES option not specified.  Mixture analysis requires one categorical
  latent variable.

Mplus VERSION 8.11 DEMO (Mac) has the following limitations:
  Maximum number of dependent variables: 6
  Maximum number of independent variables: 2
  Maximum number of between variables: 2
  Maximum number of continuous latent variables in time series analysis: 2


MUTHEN & MUTHEN
3463 Stoner Ave.
Los Angeles, CA  90066

Tel: (310) 391-9971
Fax: (310) 391-8971
Web: www.StatModel.com
Support: Support@StatModel.com

Copyright (c) 1998-2024 Muthen & Muthen
